<?xml version="1.0" encoding="UTF-8"?>
<testsuite xmlns:xsi="http://www.w3.org/2001/XMLSchema-instance" xsi:noNamespaceSchemaLocation="https://maven.apache.org/surefire/maven-surefire-plugin/xsd/surefire-test-report-3.0.xsd" version="3.0" name="com.ipn.mx.DarkFrasesApiApplicationTests" time="8.154" tests="1" errors="0" skipped="0" failures="0">
  <properties>
[...]
</properties>
  <testcase name="contextLoads" classname="com.ipn.mx.DarkFrasesApiApplicationTests" time="0.61">
    <system-out><![CDATA[13:48:05.088 [main] INFO org.springframework.test.context.support.AnnotationConfigContextLoaderUtils -- Could not detect default configuration classes for test class [com.ipn.mx.DarkFrasesApiApplicationTests]: DarkFrasesApiApplicationTests does not declare any static, non-private, non-final, nested classes annotated with @Configuration.
13:48:05.194 [main] INFO org.springframework.boot.test.context.SpringBootTestContextBootstrapper -- Found @SpringBootConfiguration com.ipn.mx.DarkFrasesApiApplication for test class com.ipn.mx.DarkFrasesApiApplicationTests

  .   ____          _            __ _ _
 /\\ / ___'_ __ _ _(_)_ __  __ _ \ \ \ \
( ( )\___ | '_ | '_| | '_ \/ _` | \ \ \ \
 \\/  ___)| |_)| | | | | || (_| |  ) ) ) )
  '  |____| .__|_| |_|_| |_\__, | / / / /
 =========|_|==============|___/=/_/_/_/
 :: Spring Boot ::                (v3.1.4)

2023-11-03T13:48:05.632-06:00  INFO 6694 --- [           main] c.ipn.mx.DarkFrasesApiApplicationTests   : Starting DarkFrasesApiApplicationTests using Java 20 with PID 6694 (started by darkdestiny in /Users/darkdestiny/Documents/workspace-spring-tool-suite-4-4.18.1.RELEASE/DarkFrasesAPI)
2023-11-03T13:48:05.634-06:00  INFO 6694 --- [           main] c.ipn.mx.DarkFrasesApiApplicationTests   : No active profile set, falling back to 1 default profile: "default"
2023-11-03T13:48:06.389-06:00  INFO 6694 --- [           main] .s.d.r.c.RepositoryConfigurationDelegate : Bootstrapping Spring Data JPA repositories in DEFAULT mode.
2023-11-03T13:48:06.444-06:00  INFO 6694 --- [           main] .s.d.r.c.RepositoryConfigurationDelegate : Finished Spring Data repository scanning in 47 ms. Found 1 JPA repository interfaces.
2023-11-03T13:48:06.898-06:00  INFO 6694 --- [           main] o.hibernate.jpa.internal.util.LogHelper  : HHH000204: Processing PersistenceUnitInfo [name: default]
2023-11-03T13:48:06.946-06:00  INFO 6694 --- [           main] org.hibernate.Version                    : HHH000412: Hibernate ORM core version 6.2.9.Final
2023-11-03T13:48:06.948-06:00  INFO 6694 --- [           main] org.hibernate.cfg.Environment            : HHH000406: Using bytecode reflection optimizer
2023-11-03T13:48:07.092-06:00  INFO 6694 --- [           main] o.h.b.i.BytecodeProviderInitiator        : HHH000021: Bytecode provider name : bytebuddy
2023-11-03T13:48:07.233-06:00  INFO 6694 --- [           main] o.s.o.j.p.SpringPersistenceUnitInfo      : No LoadTimeWeaver setup: ignoring JPA class transformer
2023-11-03T13:48:07.250-06:00  INFO 6694 --- [           main] com.zaxxer.hikari.HikariDataSource       : HikariPool-1 - Starting...
2023-11-03T13:48:09.176-06:00  INFO 6694 --- [           main] com.zaxxer.hikari.pool.HikariPool        : HikariPool-1 - Added connection org.postgresql.jdbc.PgConnection@52d96367
2023-11-03T13:48:09.178-06:00  INFO 6694 --- [           main] com.zaxxer.hikari.HikariDataSource       : HikariPool-1 - Start completed.
2023-11-03T13:48:09.951-06:00  INFO 6694 --- [           main] o.h.b.i.BytecodeProviderInitiator        : HHH000021: Bytecode provider name : bytebuddy
2023-11-03T13:48:10.573-06:00  INFO 6694 --- [           main] o.h.e.t.j.p.i.JtaPlatformInitiator       : HHH000490: Using JtaPlatform implementation: [org.hibernate.engine.transaction.jta.platform.internal.NoJtaPlatform]
2023-11-03T13:48:11.453-06:00  INFO 6694 --- [           main] j.LocalContainerEntityManagerFactoryBean : Initialized JPA EntityManagerFactory for persistence unit 'default'
2023-11-03T13:48:11.989-06:00  WARN 6694 --- [           main] JpaBaseConfiguration$JpaWebConfiguration : spring.jpa.open-in-view is enabled by default. Therefore, database queries may be performed during view rendering. Explicitly configure spring.jpa.open-in-view to disable this warning
2023-11-03T13:48:12.424-06:00  INFO 6694 --- [           main] c.ipn.mx.DarkFrasesApiApplicationTests   : Started DarkFrasesApiApplicationTests in 7.08 seconds (process running for 8.145)
]]></system-out>
  </testcase>
</testsuite>